[2020-06-29 17:09:45,452][__main__][INFO] - 
F:
- - 1.1540231e-07
  - -7.01189624e-07
  - 0.000107878357
- - -3.86391399e-08
  - -1.51524522e-07
  - -0.0119072151
- - -5.98013579e-05
  - 0.0121243765
  - -0.999855591
K:
- - 2400
  - 0
  - 0
- - 0
  - 2400
  - 0
- - 0
  - 0
  - 1
images:
- path: ./images/atomic_rapid_analyze.jpg
  points:
  - - 2535
    - 1716
  - - 2346
    - 1938
  - - 2541
    - 2229
  - - 2724
    - 1935
  - - 2448
    - 150
  - - 2295
    - 438
  - - 2481
    - 750
  - - 2703
    - 441
  - - 1353
    - 1632
  - - 1773
    - 1629
  - - 1776
    - 2256
  - - 1341
    - 2259
  - - 2313
    - 1653
  - - 2745
    - 1650
  - - 2787
    - 2274
  - - 2331
    - 2280
  size:
  - 3968
  - 2976
  test_points:
  - - 615
    - 438
  - - 3222
    - 372
  - - 3150
    - 2814
  - - 843
    - 2733
  - - 1347
    - 462
  - - 2484
    - 405
  - - 2532
    - 1938
  - - 1557
    - 1941
  - - 1905
    - 393
  - - 2025
    - 1926
- path: ./images/hotel_chromosome_probe.jpg
  points:
  - - 2499
    - 1635
  - - 2322
    - 1851
  - - 2514
    - 2133
  - - 2679
    - 1848
  - - 2571
    - 69
  - - 2820
    - 384
  - - 2625
    - 678
  - - 2439
    - 360
  - - 1308
    - 1557
  - - 1764
    - 1551
  - - 1779
    - 2193
  - - 1308
    - 2214
  - - 2289
    - 1572
  - - 2688
    - 1566
  - - 2739
    - 2172
  - - 2322
    - 2184
  size:
  - 3968
  - 2976
  test_points:
  - - 633
    - 201
  - - 3270
    - 357
  - - 3066
    - 2643
  - - 780
    - 2751
  - - 1473
    - 297
  - - 2616
    - 333
  - - 2499
    - 1854
  - - 1545
    - 1887
  - - 2052
    - 276
  - - 2016
    - 1848

[2020-06-29 17:09:45,452][__main__][INFO] - path='./images/atomic_rapid_analyze.jpg'
[2020-06-29 17:09:45,531][__main__][INFO] - image.shape=(2976, 3968, 3)
[2020-06-29 17:09:45,533][__main__][INFO] - 
points=array([[  551.,   228.],
       [  362.,   450.],
       [  557.,   741.],
       [  740.,   447.],
       [  464., -1338.],
       [  311., -1050.],
       [  497.,  -738.],
       [  719., -1047.],
       [ -631.,   144.],
       [ -211.,   141.],
       [ -208.,   768.],
       [ -643.,   771.],
       [  329.,   165.],
       [  761.,   162.],
       [  803.,   786.],
       [  347.,   792.]])
[2020-06-29 17:09:45,533][__main__][INFO] - 
test_points=array([[-1369., -1050.],
       [ 1238., -1116.],
       [ 1166.,  1326.],
       [-1141.,  1245.],
       [ -637., -1026.],
       [  500., -1083.],
       [  548.,   450.],
       [ -427.,   453.],
       [  -79., -1095.],
       [   41.,   438.]])
[2020-06-29 17:09:45,533][__main__][INFO] - path='./images/hotel_chromosome_probe.jpg'
[2020-06-29 17:09:45,614][__main__][INFO] - image.shape=(2976, 3968, 3)
[2020-06-29 17:09:45,616][__main__][INFO] - 
points=array([[  515.,   147.],
       [  338.,   363.],
       [  530.,   645.],
       [  695.,   360.],
       [  587., -1419.],
       [  836., -1104.],
       [  641.,  -810.],
       [  455., -1128.],
       [ -676.,    69.],
       [ -220.,    63.],
       [ -205.,   705.],
       [ -676.,   726.],
       [  305.,    84.],
       [  704.,    78.],
       [  755.,   684.],
       [  338.,   696.]])
[2020-06-29 17:09:45,616][__main__][INFO] - 
test_points=array([[-1351., -1287.],
       [ 1286., -1131.],
       [ 1082.,  1155.],
       [-1204.,  1263.],
       [ -511., -1191.],
       [  632., -1155.],
       [  515.,   366.],
       [ -439.,   399.],
       [   68., -1212.],
       [   32.,   360.]])
[2020-06-29 17:09:50,366][__main__][INFO] - 
K=array([[2400,    0,    0],
       [   0, 2400,    0],
       [   0,    0,    1]])
[2020-06-29 17:09:50,380][__main__][INFO] - 
E=array([[ 0.00105429, -0.09221569,  0.01528978],
       [ 0.06818522, -0.02309574, -0.70332673],
       [-0.01694972,  0.70042295, -0.02303575]])
[2020-06-29 17:09:50,380][__main__][INFO] - 
F=array([[ 1.83036724e-10, -1.60096692e-08,  6.37074180e-06],
       [ 1.18377110e-08, -4.00967727e-09, -2.93052803e-04],
       [-7.06238332e-06,  2.91842897e-04, -2.30357546e-02]])
[2020-06-29 17:09:50,380][__main__][INFO] - np.linalg.eig(F)[0]=array([-2.30320393e-02, -2.56854995e-21, -3.71910278e-06])
