[2020-06-29 17:09:20,967][__main__][INFO] - 
K:
- - 2400
  - 0
  - 0
- - 0
  - 2400
  - 0
- - 0
  - 0
  - 1
images:
- path: ./images/atomic_rapid_analyze.jpg
  points:
  - - 2535
    - 1716
  - - 2346
    - 1938
  - - 2541
    - 2229
  - - 2295
    - 438
  - - 2481
    - 750
  size:
  - 3968
  - 2976
  test_points:
  - - 615
    - 438
  - - 3222
    - 372
  - - 3150
    - 2814
  - - 843
    - 2733
  - - 1347
    - 462
  - - 2484
    - 405
  - - 2532
    - 1938
  - - 1557
    - 1941
  - - 1905
    - 393
  - - 2025
    - 1926
- path: ./images/hotel_chromosome_probe.jpg
  points:
  - - 2499
    - 1635
  - - 2322
    - 1851
  - - 2514
    - 2133
  - - 2820
    - 384
  - - 2625
    - 678
  size:
  - 3968
  - 2976
  test_points:
  - - 633
    - 201
  - - 3270
    - 357
  - - 3066
    - 2643
  - - 780
    - 2751
  - - 1473
    - 297
  - - 2616
    - 333
  - - 2499
    - 1854
  - - 1545
    - 1887
  - - 2052
    - 276
  - - 2016
    - 1848

[2020-06-29 17:09:20,967][__main__][INFO] - path='./images/atomic_rapid_analyze.jpg'
[2020-06-29 17:09:21,043][__main__][INFO] - image.shape=(2976, 3968, 3)
[2020-06-29 17:09:21,044][__main__][INFO] - 
points=array([[  551.,   228.],
       [  362.,   450.],
       [  557.,   741.],
       [  311., -1050.],
       [  497.,  -738.]])
[2020-06-29 17:09:21,045][__main__][INFO] - 
test_points=array([[-1369., -1050.],
       [ 1238., -1116.],
       [ 1166.,  1326.],
       [-1141.,  1245.],
       [ -637., -1026.],
       [  500., -1083.],
       [  548.,   450.],
       [ -427.,   453.],
       [  -79., -1095.],
       [   41.,   438.]])
[2020-06-29 17:09:21,045][__main__][INFO] - path='./images/hotel_chromosome_probe.jpg'
[2020-06-29 17:09:21,128][__main__][INFO] - image.shape=(2976, 3968, 3)
[2020-06-29 17:09:21,129][__main__][INFO] - 
points=array([[  515.,   147.],
       [  338.,   363.],
       [  530.,   645.],
       [  836., -1104.],
       [  641.,  -810.]])
[2020-06-29 17:09:21,129][__main__][INFO] - 
test_points=array([[-1351., -1287.],
       [ 1286., -1131.],
       [ 1082.,  1155.],
       [-1204.,  1263.],
       [ -511., -1191.],
       [  632., -1155.],
       [  515.,   366.],
       [ -439.,   399.],
       [   68., -1212.],
       [   32.,   360.]])
[2020-06-29 17:09:25,859][__main__][INFO] - 
K=array([[2400,    0,    0],
       [   0, 2400,    0],
       [   0,    0,    1]])
[2020-06-29 17:09:25,859][__main__][INFO] - 
E=array([[ 0.04754331,  0.02325192,  0.14591387],
       [-0.21865529, -0.06327951, -0.65128637],
       [-0.12099152,  0.69601141, -0.02913612],
       [-0.00239416, -0.15496267, -0.02922972],
       [ 0.12801822, -0.02385327, -0.69416292],
       [ 0.039293  ,  0.68861099, -0.02403384],
       [-0.09104084,  0.68703071, -0.11488259],
       [ 0.65870746,  0.03618782, -0.23186979],
       [-0.089034  , -0.08523063,  0.04839795],
       [-0.09476129,  0.67608224, -0.12773285],
       [ 0.67511698,  0.0412548 , -0.18221832],
       [-0.0764301 , -0.136257  ,  0.05021435]])
[2020-06-29 17:09:25,859][__main__][INFO] - Could not solve F.
