[2020-06-29 17:10:20,226][__main__][INFO] - 
F:
- - 4.87699881e-07
  - -4.10448922e-06
  - 0.00591280691
- - 3.27213411e-06
  - -3.5232731e-07
  - -0.0128438236
- - -0.00559134313
  - 0.0131201579
  - -0.999798316
K:
- - 2400
  - 0
  - 0
- - 0
  - 2400
  - 0
- - 0
  - 0
  - 1
images:
- path: ./images/atomic_rapid_analyze.jpg
  points:
  - - 1566
    - 1719
  - - 1410
    - 1965
  - - 1581
    - 2217
  - - 1749
    - 1935
  - - 2535
    - 1716
  - - 2346
    - 1938
  - - 2541
    - 2229
  - - 2724
    - 1935
  - - 1353
    - 1632
  - - 1773
    - 1629
  - - 1776
    - 2256
  - - 1341
    - 2259
  - - 2313
    - 1653
  - - 2745
    - 1650
  - - 2787
    - 2274
  - - 2331
    - 2280
  size:
  - 3968
  - 2976
  test_points:
  - - 615
    - 438
  - - 3222
    - 372
  - - 3150
    - 2814
  - - 843
    - 2733
  - - 1347
    - 462
  - - 2484
    - 405
  - - 2532
    - 1938
  - - 1557
    - 1941
  - - 1905
    - 393
  - - 2025
    - 1926
- path: ./images/hotel_chromosome_probe.jpg
  points:
  - - 1545
    - 1650
  - - 1383
    - 1905
  - - 1572
    - 2163
  - - 1743
    - 1869
  - - 2499
    - 1635
  - - 2322
    - 1851
  - - 2514
    - 2133
  - - 2679
    - 1848
  - - 1308
    - 1557
  - - 1764
    - 1551
  - - 1779
    - 2193
  - - 1308
    - 2214
  - - 2289
    - 1572
  - - 2688
    - 1566
  - - 2739
    - 2172
  - - 2322
    - 2184
  test_points:
  - - 633
    - 201
  - - 3270
    - 357
  - - 3066
    - 2643
  - - 780
    - 2751
  - - 1473
    - 297
  - - 2616
    - 333
  - - 2499
    - 1854
  - - 1545
    - 1887
  - - 2052
    - 276
  - - 2016
    - 1848

[2020-06-29 17:10:20,227][__main__][INFO] - path='./images/atomic_rapid_analyze.jpg'
[2020-06-29 17:10:20,305][__main__][INFO] - image.shape=(2976, 3968, 3)
[2020-06-29 17:10:20,307][__main__][INFO] - 
points=array([[-418.,  231.],
       [-574.,  477.],
       [-403.,  729.],
       [-235.,  447.],
       [ 551.,  228.],
       [ 362.,  450.],
       [ 557.,  741.],
       [ 740.,  447.],
       [-631.,  144.],
       [-211.,  141.],
       [-208.,  768.],
       [-643.,  771.],
       [ 329.,  165.],
       [ 761.,  162.],
       [ 803.,  786.],
       [ 347.,  792.]])
[2020-06-29 17:10:20,307][__main__][INFO] - 
test_points=array([[-1369., -1050.],
       [ 1238., -1116.],
       [ 1166.,  1326.],
       [-1141.,  1245.],
       [ -637., -1026.],
       [  500., -1083.],
       [  548.,   450.],
       [ -427.,   453.],
       [  -79., -1095.],
       [   41.,   438.]])
[2020-06-29 17:10:20,307][__main__][INFO] - path='./images/hotel_chromosome_probe.jpg'
[2020-06-29 17:10:20,387][__main__][INFO] - image.shape=(2976, 3968, 3)
[2020-06-29 17:10:20,388][__main__][INFO] - 
points=array([[-439.,  162.],
       [-601.,  417.],
       [-412.,  675.],
       [-241.,  381.],
       [ 515.,  147.],
       [ 338.,  363.],
       [ 530.,  645.],
       [ 695.,  360.],
       [-676.,   69.],
       [-220.,   63.],
       [-205.,  705.],
       [-676.,  726.],
       [ 305.,   84.],
       [ 704.,   78.],
       [ 755.,  684.],
       [ 338.,  696.]])
[2020-06-29 17:10:20,389][__main__][INFO] - 
test_points=array([[-1351., -1287.],
       [ 1286., -1131.],
       [ 1082.,  1155.],
       [-1204.,  1263.],
       [ -511., -1191.],
       [  632., -1155.],
       [  515.,   366.],
       [ -439.,   399.],
       [   68., -1212.],
       [   32.,   360.]])
[2020-06-29 17:10:25,159][__main__][INFO] - 
K=array([[2400,    0,    0],
       [   0, 2400,    0],
       [   0,    0,    1]])
[2020-06-29 17:10:25,171][__main__][INFO] - 
E=array([[ 0.02276012, -0.68824445,  0.14888162],
       [ 0.69306845,  0.02336553,  0.053659  ],
       [-0.12544786, -0.06418719,  0.0030899 ]])
[2020-06-29 17:10:25,171][__main__][INFO] - 
F=array([[ 3.95140957e-09, -1.19486884e-07,  6.20340070e-05],
       [ 1.20324383e-07,  4.05651601e-09,  2.23579185e-05],
       [-5.22699396e-05, -2.67446605e-05,  3.08989513e-03]])
[2020-06-29 17:10:25,171][__main__][INFO] - np.linalg.eig(F)[0]=array([ 3.08865171e-03,  1.25142850e-06, -9.82011326e-21])
