[2020-06-29 17:10:10,125][__main__][INFO] - 
F:
- - 2.35077122e-05
  - -0.00184004271
  - 0.72904836
- - 0.00179995646
  - 5.88072156e-05
  - -0.278022961
- - -0.584049961
  - 0.215028223
  - -0.0619160662
K:
- - 2400
  - 0
  - 0
- - 0
  - 2400
  - 0
- - 0
  - 0
  - 1
images:
- path: ./images/atomic_rapid_analyze.jpg
  points:
  - - 1566
    - 1719
  - - 1410
    - 1965
  - - 1581
    - 2217
  - - 1749
    - 1935
  - - 2535
    - 1716
  - - 2346
    - 1938
  - - 2541
    - 2229
  - - 2724
    - 1935
  size:
  - 3968
  - 2976
  test_points:
  - - 615
    - 438
  - - 3222
    - 372
  - - 3150
    - 2814
  - - 843
    - 2733
  - - 1347
    - 462
  - - 2484
    - 405
  - - 2532
    - 1938
  - - 1557
    - 1941
  - - 1905
    - 393
  - - 2025
    - 1926
- path: ./images/hotel_chromosome_probe.jpg
  points:
  - - 1545
    - 1650
  - - 1383
    - 1905
  - - 1572
    - 2163
  - - 1743
    - 1869
  - - 2499
    - 1635
  - - 2322
    - 1851
  - - 2514
    - 2133
  - - 2679
    - 1848
  size:
  - 3968
  - 2976
  test_points:
  - - 633
    - 201
  - - 3270
    - 357
  - - 3066
    - 2643
  - - 780
    - 2751
  - - 1473
    - 297
  - - 2616
    - 333
  - - 2499
    - 1854
  - - 1545
    - 1887
  - - 2052
    - 276
  - - 2016
    - 1848

[2020-06-29 17:10:10,125][__main__][INFO] - path='./images/atomic_rapid_analyze.jpg'
[2020-06-29 17:10:10,207][__main__][INFO] - image.shape=(2976, 3968, 3)
[2020-06-29 17:10:10,207][__main__][INFO] - 
points=array([[-418.,  231.],
       [-574.,  477.],
       [-403.,  729.],
       [-235.,  447.],
       [ 551.,  228.],
       [ 362.,  450.],
       [ 557.,  741.],
       [ 740.,  447.]])
[2020-06-29 17:10:10,208][__main__][INFO] - 
test_points=array([[-1369., -1050.],
       [ 1238., -1116.],
       [ 1166.,  1326.],
       [-1141.,  1245.],
       [ -637., -1026.],
       [  500., -1083.],
       [  548.,   450.],
       [ -427.,   453.],
       [  -79., -1095.],
       [   41.,   438.]])
[2020-06-29 17:10:10,208][__main__][INFO] - path='./images/hotel_chromosome_probe.jpg'
[2020-06-29 17:10:10,291][__main__][INFO] - image.shape=(2976, 3968, 3)
[2020-06-29 17:10:10,292][__main__][INFO] - 
points=array([[-439.,  162.],
       [-601.,  417.],
       [-412.,  675.],
       [-241.,  381.],
       [ 515.,  147.],
       [ 338.,  363.],
       [ 530.,  645.],
       [ 695.,  360.]])
[2020-06-29 17:10:10,293][__main__][INFO] - 
test_points=array([[-1351., -1287.],
       [ 1286., -1131.],
       [ 1082.,  1155.],
       [-1204.,  1263.],
       [ -511., -1191.],
       [  632., -1155.],
       [  515.,   366.],
       [ -439.,   399.],
       [   68., -1212.],
       [   32.,   360.]])
[2020-06-29 17:10:15,161][__main__][INFO] - 
K=array([[2400,    0,    0],
       [   0, 2400,    0],
       [   0,    0,    1]])
[2020-06-29 17:10:15,164][__main__][INFO] - 
E=array([[-0.04995148, -0.10393781, -0.20466228],
       [-0.04184102,  0.02984349, -0.67463092],
       [ 0.21716946,  0.662971  , -0.01881016]])
[2020-06-29 17:10:15,164][__main__][INFO] - 
F=array([[-8.67213140e-09, -1.80447590e-08, -8.52759494e-05],
       [-7.26406678e-09,  5.18116154e-09, -2.81096218e-04],
       [ 9.04872757e-05,  2.76237917e-04, -1.88101626e-02]])
[2020-06-29 17:10:15,164][__main__][INFO] - np.linalg.eig(F)[0]=array([-1.88056232e-02,  1.49108761e-20, -4.54286927e-06])
