[2020-06-29 17:09:35,765][__main__][INFO] - 
F:
- - -0.000240803252
  - 9.12800371e-05
  - 0.122937849
- - -7.40364271e-07
  - 1.05139291e-05
  - 0.680517918
- - 0.108445798
  - -0.714046144
  - -0.0126172753
K:
- - 2400
  - 0
  - 0
- - 0
  - 2400
  - 0
- - 0
  - 0
  - 1
images:
- path: ./images/atomic_rapid_analyze.jpg
  points:
  - - 2535
    - 1716
  - - 2346
    - 1938
  - - 2541
    - 2229
  - - 2724
    - 1935
  - - 2448
    - 150
  - - 2295
    - 438
  - - 2481
    - 750
  - - 2703
    - 441
  size:
  - 3968
  - 2976
  test_points:
  - - 615
    - 438
  - - 3222
    - 372
  - - 3150
    - 2814
  - - 843
    - 2733
  - - 1347
    - 462
  - - 2484
    - 405
  - - 2532
    - 1938
  - - 1557
    - 1941
  - - 1905
    - 393
  - - 2025
    - 1926
- path: ./images/hotel_chromosome_probe.jpg
  points:
  - - 2499
    - 1635
  - - 2322
    - 1851
  - - 2514
    - 2133
  - - 2679
    - 1848
  - - 2571
    - 69
  - - 2820
    - 384
  - - 2625
    - 678
  - - 2439
    - 360
  size:
  - 3968
  - 2976
  test_points:
  - - 633
    - 201
  - - 3270
    - 357
  - - 3066
    - 2643
  - - 780
    - 2751
  - - 1473
    - 297
  - - 2616
    - 333
  - - 2499
    - 1854
  - - 1545
    - 1887
  - - 2052
    - 276
  - - 2016
    - 1848

[2020-06-29 17:09:35,766][__main__][INFO] - path='./images/atomic_rapid_analyze.jpg'
[2020-06-29 17:09:35,848][__main__][INFO] - image.shape=(2976, 3968, 3)
[2020-06-29 17:09:35,849][__main__][INFO] - 
points=array([[  551.,   228.],
       [  362.,   450.],
       [  557.,   741.],
       [  740.,   447.],
       [  464., -1338.],
       [  311., -1050.],
       [  497.,  -738.],
       [  719., -1047.]])
[2020-06-29 17:09:35,849][__main__][INFO] - 
test_points=array([[-1369., -1050.],
       [ 1238., -1116.],
       [ 1166.,  1326.],
       [-1141.,  1245.],
       [ -637., -1026.],
       [  500., -1083.],
       [  548.,   450.],
       [ -427.,   453.],
       [  -79., -1095.],
       [   41.,   438.]])
[2020-06-29 17:09:35,849][__main__][INFO] - path='./images/hotel_chromosome_probe.jpg'
[2020-06-29 17:09:35,934][__main__][INFO] - image.shape=(2976, 3968, 3)
[2020-06-29 17:09:35,935][__main__][INFO] - 
points=array([[  515.,   147.],
       [  338.,   363.],
       [  530.,   645.],
       [  695.,   360.],
       [  587., -1419.],
       [  836., -1104.],
       [  641.,  -810.],
       [  455., -1128.]])
[2020-06-29 17:09:35,936][__main__][INFO] - 
test_points=array([[-1351., -1287.],
       [ 1286., -1131.],
       [ 1082.,  1155.],
       [-1204.,  1263.],
       [ -511., -1191.],
       [  632., -1155.],
       [  515.,   366.],
       [ -439.,   399.],
       [   68., -1212.],
       [   32.,   360.]])
[2020-06-29 17:09:40,618][__main__][INFO] - 
K=array([[2400,    0,    0],
       [   0, 2400,    0],
       [   0,    0,    1]])
[2020-06-29 17:09:40,619][__main__][INFO] - 
E=array([[-5.66504822e-04, -9.69671287e-02,  1.57404336e-03],
       [ 6.89735841e-02, -2.46020191e-02, -7.03302391e-01],
       [ 5.35088618e-03,  6.99987986e-01, -2.42052922e-02]])
[2020-06-29 17:09:40,620][__main__][INFO] - 
F=array([[-9.83515316e-11, -1.68345710e-08,  6.55851401e-07],
       [ 1.19745806e-08, -4.27118387e-09, -2.93042663e-04],
       [ 2.22953591e-06,  2.91661661e-04, -2.42052922e-02]])
[2020-06-29 17:09:40,620][__main__][INFO] - np.linalg.eig(F)[0]=array([-2.42017607e-02, -1.15512465e-21, -3.53584248e-06])
