[2020-06-29 17:09:25,975][__main__][INFO] - 
K:
- - 2400
  - 0
  - 0
- - 0
  - 2400
  - 0
- - 0
  - 0
  - 1
images:
- path: ./images/atomic_rapid_analyze.jpg
  points:
  - - 2535
    - 1716
  - - 2346
    - 1938
  - - 2541
    - 2229
  - - 2295
    - 438
  - - 2481
    - 750
  - - 2703
    - 441
  size:
  - 3968
  - 2976
  test_points:
  - - 615
    - 438
  - - 3222
    - 372
  - - 3150
    - 2814
  - - 843
    - 2733
  - - 1347
    - 462
  - - 2484
    - 405
  - - 2532
    - 1938
  - - 1557
    - 1941
  - - 1905
    - 393
  - - 2025
    - 1926
- path: ./images/hotel_chromosome_probe.jpg
  points:
  - - 2499
    - 1635
  - - 2322
    - 1851
  - - 2514
    - 2133
  - - 2820
    - 384
  - - 2625
    - 678
  - - 2439
    - 360
  size:
  - 3968
  - 2976
  test_points:
  - - 633
    - 201
  - - 3270
    - 357
  - - 3066
    - 2643
  - - 780
    - 2751
  - - 1473
    - 297
  - - 2616
    - 333
  - - 2499
    - 1854
  - - 1545
    - 1887
  - - 2052
    - 276
  - - 2016
    - 1848

[2020-06-29 17:09:25,975][__main__][INFO] - path='./images/atomic_rapid_analyze.jpg'
[2020-06-29 17:09:26,054][__main__][INFO] - image.shape=(2976, 3968, 3)
[2020-06-29 17:09:26,055][__main__][INFO] - 
points=array([[  551.,   228.],
       [  362.,   450.],
       [  557.,   741.],
       [  311., -1050.],
       [  497.,  -738.],
       [  719., -1047.]])
[2020-06-29 17:09:26,056][__main__][INFO] - 
test_points=array([[-1369., -1050.],
       [ 1238., -1116.],
       [ 1166.,  1326.],
       [-1141.,  1245.],
       [ -637., -1026.],
       [  500., -1083.],
       [  548.,   450.],
       [ -427.,   453.],
       [  -79., -1095.],
       [   41.,   438.]])
[2020-06-29 17:09:26,056][__main__][INFO] - path='./images/hotel_chromosome_probe.jpg'
[2020-06-29 17:09:26,137][__main__][INFO] - image.shape=(2976, 3968, 3)
[2020-06-29 17:09:26,138][__main__][INFO] - 
points=array([[  515.,   147.],
       [  338.,   363.],
       [  530.,   645.],
       [  836., -1104.],
       [  641.,  -810.],
       [  455., -1128.]])
[2020-06-29 17:09:26,139][__main__][INFO] - 
test_points=array([[-1351., -1287.],
       [ 1286., -1131.],
       [ 1082.,  1155.],
       [-1204.,  1263.],
       [ -511., -1191.],
       [  632., -1155.],
       [  515.,   366.],
       [ -439.,   399.],
       [   68., -1212.],
       [   32.,   360.]])
[2020-06-29 17:09:30,841][__main__][INFO] - 
K=array([[2400,    0,    0],
       [   0, 2400,    0],
       [   0,    0,    1]])
[2020-06-29 17:09:30,842][__main__][INFO] - 
E=array([[-0.0941765 ,  0.67661298, -0.12666313],
       [ 0.67472299,  0.04066146, -0.18327838],
       [-0.07762571, -0.13506613,  0.05018045]])
[2020-06-29 17:09:30,842][__main__][INFO] - 
F=array([[-1.63500862e-08,  1.17467531e-07, -5.27763052e-05],
       [ 1.17139407e-07,  7.05928113e-09, -7.63659908e-05],
       [-3.23440460e-05, -5.62775533e-05,  5.01804546e-02]])
[2020-06-29 17:09:30,842][__main__][INFO] - np.linalg.eig(F)[0]=array([ 5.01805743e-02,  2.00905627e-20, -1.28952710e-07])
