[2020-06-29 17:09:55,205][__main__][INFO] - 
K:
- - 2400
  - 0
  - 0
- - 0
  - 2400
  - 0
- - 0
  - 0
  - 1
images:
- path: ./images/atomic_rapid_analyze.jpg
  points:
  - - 1566
    - 1719
  - - 1410
    - 1965
  - - 1581
    - 2217
  - - 2346
    - 1938
  - - 2541
    - 2229
  size:
  - 3968
  - 2976
  test_points:
  - - 615
    - 438
  - - 3222
    - 372
  - - 3150
    - 2814
  - - 843
    - 2733
  - - 1347
    - 462
  - - 2484
    - 405
  - - 2532
    - 1938
  - - 1557
    - 1941
  - - 1905
    - 393
  - - 2025
    - 1926
- path: ./images/hotel_chromosome_probe.jpg
  points:
  - - 1545
    - 1650
  - - 1383
    - 1905
  - - 1572
    - 2163
  - - 2322
    - 1851
  - - 2514
    - 2133
  size:
  - 3968
  - 2976
  test_points:
  - - 633
    - 201
  - - 3270
    - 357
  - - 3066
    - 2643
  - - 780
    - 2751
  - - 1473
    - 297
  - - 2616
    - 333
  - - 2499
    - 1854
  - - 1545
    - 1887
  - - 2052
    - 276
  - - 2016
    - 1848

[2020-06-29 17:09:55,205][__main__][INFO] - path='./images/atomic_rapid_analyze.jpg'
[2020-06-29 17:09:55,285][__main__][INFO] - image.shape=(2976, 3968, 3)
[2020-06-29 17:09:55,286][__main__][INFO] - 
points=array([[-418.,  231.],
       [-574.,  477.],
       [-403.,  729.],
       [ 362.,  450.],
       [ 557.,  741.]])
[2020-06-29 17:09:55,286][__main__][INFO] - 
test_points=array([[-1369., -1050.],
       [ 1238., -1116.],
       [ 1166.,  1326.],
       [-1141.,  1245.],
       [ -637., -1026.],
       [  500., -1083.],
       [  548.,   450.],
       [ -427.,   453.],
       [  -79., -1095.],
       [   41.,   438.]])
[2020-06-29 17:09:55,287][__main__][INFO] - path='./images/hotel_chromosome_probe.jpg'
[2020-06-29 17:09:55,368][__main__][INFO] - image.shape=(2976, 3968, 3)
[2020-06-29 17:09:55,369][__main__][INFO] - 
points=array([[-439.,  162.],
       [-601.,  417.],
       [-412.,  675.],
       [ 338.,  363.],
       [ 530.,  645.]])
[2020-06-29 17:09:55,388][__main__][INFO] - 
test_points=array([[-1351., -1287.],
       [ 1286., -1131.],
       [ 1082.,  1155.],
       [-1204.,  1263.],
       [ -511., -1191.],
       [  632., -1155.],
       [  515.,   366.],
       [ -439.,   399.],
       [   68., -1212.],
       [   32.,   360.]])
[2020-06-29 17:10:00,090][__main__][INFO] - 
K=array([[2400,    0,    0],
       [   0, 2400,    0],
       [   0,    0,    1]])
[2020-06-29 17:10:00,091][__main__][INFO] - 
E=array([[-0.09355578, -0.08169254, -0.4694834 ],
       [ 0.04216536,  0.07538825, -0.52784886],
       [ 0.45642628,  0.51901948, -0.01915976],
       [ 0.00746447, -0.68941579,  0.08671816],
       [ 0.69305371,  0.01106151,  0.1244697 ],
       [-0.06241866, -0.1314196 ,  0.00493876],
       [ 0.01461558, -0.65737866,  0.05874657],
       [ 0.66361143,  0.02193797,  0.24033937],
       [-0.03172372, -0.25392061,  0.00905726],
       [-0.01108386, -0.6938127 ,  0.10687306],
       [ 0.69671958, -0.01209415, -0.07812174],
       [-0.09002132,  0.08544478, -0.00267328]])
[2020-06-29 17:10:00,091][__main__][INFO] - Could not solve F.
