[2020-06-29 17:10:00,191][__main__][INFO] - 
K:
- - 2400
  - 0
  - 0
- - 0
  - 2400
  - 0
- - 0
  - 0
  - 1
images:
- path: ./images/atomic_rapid_analyze.jpg
  points:
  - - 1566
    - 1719
  - - 1410
    - 1965
  - - 1581
    - 2217
  - - 2346
    - 1938
  - - 2541
    - 2229
  - - 2724
    - 1935
  size:
  - 3968
  - 2976
  test_points:
  - - 615
    - 438
  - - 3222
    - 372
  - - 3150
    - 2814
  - - 843
    - 2733
  - - 1347
    - 462
  - - 2484
    - 405
  - - 2532
    - 1938
  - - 1557
    - 1941
  - - 1905
    - 393
  - - 2025
    - 1926
- path: ./images/hotel_chromosome_probe.jpg
  points:
  - - 1545
    - 1650
  - - 1383
    - 1905
  - - 1572
    - 2163
  - - 2322
    - 1851
  - - 2514
    - 2133
  - - 2679
    - 1848
  size:
  - 3968
  - 2976
  test_points:
  - - 633
    - 201
  - - 3270
    - 357
  - - 3066
    - 2643
  - - 780
    - 2751
  - - 1473
    - 297
  - - 2616
    - 333
  - - 2499
    - 1854
  - - 1545
    - 1887
  - - 2052
    - 276
  - - 2016
    - 1848

[2020-06-29 17:10:00,192][__main__][INFO] - path='./images/atomic_rapid_analyze.jpg'
[2020-06-29 17:10:00,276][__main__][INFO] - image.shape=(2976, 3968, 3)
[2020-06-29 17:10:00,277][__main__][INFO] - 
points=array([[-418.,  231.],
       [-574.,  477.],
       [-403.,  729.],
       [ 362.,  450.],
       [ 557.,  741.],
       [ 740.,  447.]])
[2020-06-29 17:10:00,278][__main__][INFO] - 
test_points=array([[-1369., -1050.],
       [ 1238., -1116.],
       [ 1166.,  1326.],
       [-1141.,  1245.],
       [ -637., -1026.],
       [  500., -1083.],
       [  548.,   450.],
       [ -427.,   453.],
       [  -79., -1095.],
       [   41.,   438.]])
[2020-06-29 17:10:00,278][__main__][INFO] - path='./images/hotel_chromosome_probe.jpg'
[2020-06-29 17:10:00,361][__main__][INFO] - image.shape=(2976, 3968, 3)
[2020-06-29 17:10:00,361][__main__][INFO] - 
points=array([[-439.,  162.],
       [-601.,  417.],
       [-412.,  675.],
       [ 338.,  363.],
       [ 530.,  645.],
       [ 695.,  360.]])
[2020-06-29 17:10:00,362][__main__][INFO] - 
test_points=array([[-1351., -1287.],
       [ 1286., -1131.],
       [ 1082.,  1155.],
       [-1204.,  1263.],
       [ -511., -1191.],
       [  632., -1155.],
       [  515.,   366.],
       [ -439.,   399.],
       [   68., -1212.],
       [   32.,   360.]])
[2020-06-29 17:10:05,085][__main__][INFO] - 
K=array([[2400,    0,    0],
       [   0, 2400,    0],
       [   0,    0,    1]])
[2020-06-29 17:10:05,087][__main__][INFO] - 
E=array([[ 0.02154135, -0.58280331,  0.37000309],
       [ 0.59652304,  0.0225956 ,  0.1444118 ],
       [-0.34572996, -0.16172517,  0.00920248]])
[2020-06-29 17:10:05,087][__main__][INFO] - 
F=array([[ 3.73981711e-09, -1.01181130e-07,  1.54167953e-04],
       [ 1.03563028e-07,  3.92284763e-09,  6.01715835e-05],
       [-1.44054150e-04, -6.73854895e-05,  9.20248018e-03]])
[2020-06-29 17:10:05,087][__main__][INFO] - np.linalg.eig(F)[0]=array([9.19962536e-03, 2.86248082e-06, 1.88895769e-20])
